TN:
SF:src/index.js
FN:5,isObject
FN:8,generateDiffCollection
FN:41,default
FNF:3
FNH:3
FNDA:144,isObject
FNDA:30,generateDiffCollection
FNDA:6,default
DA:1,1
DA:2,1
DA:3,1
DA:4,1
DA:5,144
DA:6,60
DA:7,1
DA:8,1
DA:9,30
DA:10,30
DA:11,30
DA:12,30
DA:13,30
DA:14,108
DA:15,108
DA:16,36
DA:17,24
DA:18,108
DA:19,30
DA:20,30
DA:21,30
DA:22,30
DA:23,108
DA:24,12
DA:25,12
DA:26,12
DA:27,12
DA:28,108
DA:29,18
DA:30,18
DA:31,18
DA:32,18
DA:33,108
DA:34,24
DA:35,24
DA:36,24
DA:37,24
DA:38,1
DA:39,1
DA:40,1
DA:41,1
DA:42,6
DA:43,6
DA:44,6
DA:45,6
DA:46,6
DA:47,6
DA:48,6
DA:49,6
DA:50,6
DA:51,1
DA:52,1
DA:53,1
DA:54,1
DA:55,1
DA:56,1
DA:57,1
DA:58,1
DA:59,1
DA:60,1
DA:61,1
DA:62,1
DA:63,1
DA:64,1
DA:65,1
DA:66,1
DA:67,1
DA:68,1
DA:69,1
DA:70,1
DA:71,1
DA:72,1
DA:73,1
DA:74,1
DA:75,1
DA:76,1
DA:77,1
DA:78,1
DA:79,1
DA:80,1
DA:81,1
DA:82,1
DA:83,1
DA:84,1
DA:85,1
DA:86,1
DA:87,1
DA:88,1
DA:89,1
DA:90,1
DA:91,1
DA:92,1
DA:93,1
DA:94,1
DA:95,1
DA:96,1
DA:97,1
DA:98,1
DA:99,1
DA:100,1
DA:101,1
DA:102,1
DA:103,1
DA:104,1
DA:105,1
DA:106,1
DA:107,1
DA:108,1
DA:109,1
DA:110,1
DA:111,1
DA:112,1
DA:113,1
DA:114,1
DA:115,1
DA:116,1
DA:117,1
DA:118,1
DA:119,1
DA:120,1
DA:121,1
DA:122,1
DA:123,1
DA:124,1
DA:125,1
DA:126,1
DA:127,1
DA:128,1
DA:129,1
DA:130,1
DA:131,1
DA:132,1
DA:133,1
DA:134,1
DA:135,1
DA:136,1
DA:137,1
DA:138,1
DA:139,1
DA:140,1
DA:141,1
DA:142,1
DA:143,1
DA:144,1
DA:145,1
DA:146,1
DA:147,1
DA:148,1
DA:149,1
DA:150,1
DA:151,1
DA:152,1
DA:153,1
DA:154,1
DA:155,1
DA:156,1
DA:157,1
DA:158,1
DA:159,1
DA:160,1
DA:161,1
DA:162,1
DA:163,1
DA:164,1
DA:165,1
DA:166,1
DA:167,1
DA:168,1
DA:169,1
DA:170,1
DA:171,1
DA:172,1
DA:173,1
DA:174,1
DA:175,1
DA:176,1
DA:177,1
DA:178,1
DA:179,1
DA:180,1
DA:181,1
DA:182,1
DA:183,1
DA:184,1
DA:185,1
DA:186,1
DA:187,1
LF:187
LH:187
BRDA:5,0,0,144
BRDA:6,1,0,60
BRDA:8,2,0,30
BRDA:13,3,0,108
BRDA:15,4,0,36
BRDA:16,5,0,24
BRDA:18,6,0,84
BRDA:18,7,0,30
BRDA:23,8,0,54
BRDA:23,9,0,12
BRDA:28,10,0,42
BRDA:28,11,0,18
BRDA:33,12,0,24
BRDA:41,13,0,6
BRF:14
BRH:14
end_of_record
TN:
SF:src/parsers.js
FN:2,default
FNF:1
FNH:1
FNDA:14,default
DA:1,1
DA:2,1
DA:3,14
DA:4,0
DA:5,0
DA:6,14
DA:7,14
DA:8,14
DA:9,7
DA:10,7
DA:11,7
DA:12,7
DA:13,7
DA:14,7
DA:15,14
DA:16,14
DA:17,14
DA:18,14
DA:19,1
DA:20,1
DA:21,1
DA:22,1
DA:23,1
LF:23
LH:21
BRDA:2,0,0,14
BRDA:4,1,0,0
BRDA:8,2,0,7
BRDA:13,3,0,2
BRF:4
BRH:3
end_of_record
TN:
SF:src/formatters/index.js
FN:1,default
FNF:1
FNH:1
FNDA:6,default
DA:1,1
DA:2,6
DA:3,3
DA:4,3
DA:5,1
DA:6,1
DA:7,1
DA:8,1
DA:9,1
DA:10,1
LF:10
LH:10
BRDA:1,0,0,6
BRDA:2,1,0,3
BRF:2
BRH:2
end_of_record
TN:
SF:src/formatters/plain.js
FN:1,getCorrectValue
FN:5,default
FN:6,iter
FNF:3
FNH:3
FNDA:39,getCorrectValue
FNDA:3,default
FNDA:15,iter
DA:1,9
DA:2,39
DA:3,21
DA:4,39
DA:5,1
DA:6,3
DA:7,15
DA:8,15
DA:9,15
DA:10,15
DA:11,15
DA:12,54
DA:13,15
DA:14,45
DA:15,45
DA:16,45
DA:17,45
DA:18,12
DA:19,12
DA:20,12
DA:21,45
DA:22,15
DA:23,15
DA:24,15
DA:25,45
DA:26,6
DA:27,6
DA:28,45
DA:29,12
DA:30,12
DA:31,15
DA:32,15
DA:33,3
DA:34,3
DA:35,1
DA:36,1
DA:37,1
DA:38,1
DA:39,1
DA:40,1
DA:41,1
DA:42,1
DA:43,1
DA:44,1
DA:45,1
DA:46,1
DA:47,1
DA:48,1
DA:49,1
DA:50,1
DA:51,1
DA:52,1
DA:53,1
DA:54,1
DA:55,1
DA:56,1
DA:57,1
DA:58,1
DA:59,1
DA:60,1
DA:61,1
DA:62,1
DA:63,1
DA:64,1
DA:65,1
DA:66,1
DA:67,1
DA:68,1
DA:69,1
DA:70,1
DA:71,1
DA:72,1
DA:73,1
DA:74,1
DA:75,1
DA:76,1
DA:77,1
DA:78,1
DA:79,1
DA:80,1
DA:81,1
DA:82,1
LF:82
LH:82
BRDA:1,0,0,39
BRDA:1,1,0,12
BRDA:1,2,0,9
BRDA:2,3,0,30
BRDA:2,4,0,21
BRDA:5,5,0,3
BRDA:6,6,0,15
BRDA:12,7,0,54
BRDA:13,8,0,45
BRDA:17,9,0,12
BRDA:21,10,0,15
BRDA:25,11,0,6
BRDA:28,12,0,12
BRF:13
BRH:13
end_of_record
TN:
SF:src/formatters/stylish.js
FN:1,default
FN:3,stringify
FN:21,iter
FNF:3
FNH:3
FNDA:3,default
FNDA:63,stringify
FNDA:15,iter
DA:1,3
DA:2,3
DA:3,3
DA:4,63
DA:5,63
DA:6,24
DA:7,63
DA:8,63
DA:9,21
DA:10,27
DA:11,27
DA:12,27
DA:13,9
DA:14,27
DA:15,18
DA:16,21
DA:17,21
DA:18,21
DA:19,63
DA:20,63
DA:21,3
DA:22,15
DA:23,15
DA:24,15
DA:25,15
DA:26,15
DA:27,15
DA:28,15
DA:29,54
DA:30,54
DA:31,54
DA:32,15
DA:33,15
DA:34,15
DA:35,15
DA:36,15
DA:37,54
DA:38,6
DA:39,6
DA:40,54
DA:41,12
DA:42,12
DA:43,54
DA:44,12
DA:45,12
DA:46,54
DA:47,9
DA:48,9
DA:49,15
DA:50,15
DA:51,15
DA:52,3
DA:53,3
DA:54,3
DA:55,3
DA:56,3
DA:57,1
DA:58,1
DA:59,1
DA:60,1
DA:61,1
DA:62,1
DA:63,1
DA:64,1
DA:65,1
DA:66,1
DA:67,1
DA:68,1
DA:69,1
DA:70,1
DA:71,1
DA:72,1
DA:73,1
DA:74,1
DA:75,1
DA:76,1
DA:77,1
DA:78,1
DA:79,1
DA:80,1
DA:81,1
DA:82,1
DA:83,1
DA:84,1
DA:85,1
DA:86,1
DA:87,1
DA:88,1
DA:89,1
DA:90,1
DA:91,1
DA:92,1
DA:93,1
DA:94,1
DA:95,1
DA:96,1
DA:97,1
DA:98,1
DA:99,1
DA:100,1
DA:101,1
DA:102,1
DA:103,1
DA:104,1
DA:105,1
DA:106,1
DA:107,1
DA:108,1
DA:109,1
DA:110,1
DA:111,1
DA:112,1
DA:113,1
DA:114,1
DA:115,1
DA:116,1
DA:117,1
DA:118,1
DA:119,1
DA:120,1
DA:121,1
DA:122,1
DA:123,1
DA:124,1
DA:125,1
DA:126,1
DA:127,1
DA:128,1
DA:129,1
DA:130,1
DA:131,1
DA:132,1
DA:133,1
DA:134,1
DA:135,1
DA:136,1
DA:137,1
DA:138,1
DA:139,1
DA:140,1
DA:141,1
DA:142,1
DA:143,1
DA:144,1
DA:145,1
DA:146,1
DA:147,1
DA:148,1
DA:149,1
DA:150,1
DA:151,1
DA:152,1
DA:153,1
DA:154,1
DA:155,1
DA:156,1
DA:157,1
DA:158,1
DA:159,1
DA:160,1
LF:160
LH:160
BRDA:1,0,0,3
BRDA:3,1,0,63
BRDA:5,2,0,24
BRDA:7,3,0,42
BRDA:8,4,0,21
BRDA:9,5,0,27
BRDA:11,6,0,9
BRDA:12,7,0,9
BRDA:14,8,0,18
BRDA:21,9,0,15
BRDA:28,10,0,54
BRDA:31,11,0,15
BRDA:37,12,0,6
BRDA:40,13,0,12
BRDA:43,14,0,12
BRDA:46,15,0,9
BRF:16
BRH:16
end_of_record
