TN:
SF:src/index.js
FN:3,getObjFromPath
FN:8,genDiff
FNF:2
FNH:2
FNDA:3,getObjFromPath
FNDA:1,genDiff
DA:1,1
DA:2,1
DA:3,3
DA:4,3
DA:5,3
DA:6,3
DA:7,3
DA:8,1
DA:9,1
DA:10,1
DA:11,1
DA:12,1
DA:13,1
DA:14,1
DA:15,1
DA:16,1
DA:17,1
DA:18,1
DA:19,1
DA:20,1
DA:21,1
DA:22,1
DA:23,1
DA:24,1
DA:25,5
DA:26,5
DA:27,5
DA:28,5
DA:29,5
DA:30,5
DA:31,2
DA:32,2
DA:33,2
DA:34,2
DA:35,2
DA:36,5
DA:37,1
DA:38,1
DA:39,1
DA:40,1
DA:41,1
DA:42,1
DA:43,1
DA:44,1
DA:45,1
DA:46,1
DA:47,1
DA:48,1
DA:49,1
DA:50,1
DA:51,1
DA:52,1
DA:53,1
LF:53
LH:53
BRDA:3,0,0,3
BRDA:6,1,0,0
BRDA:8,2,0,1
BRDA:24,3,0,5
BRDA:29,4,0,4
BRDA:30,5,0,2
BRDA:36,6,0,1
BRF:7
BRH:6
end_of_record
